  [1m[35m (8.1ms)[0m  [1m[35mCREATE TABLE "schema_migrations" ("version" varchar NOT NULL PRIMARY KEY) /*application='Backend'*/[0m
  [1m[35m (0.4ms)[0m  [1m[35mCREATE TABLE "ar_internal_metadata" ("key" varchar NOT NULL PRIMARY KEY, "value" varchar, "created_at" datetime(6) NOT NULL, "updated_at" datetime(6) NOT NULL) /*application='Backend'*/[0m
  [1m[36mActiveRecord::InternalMetadata Load (0.1ms)[0m  [1m[34mSELECT * FROM "ar_internal_metadata" WHERE "ar_internal_metadata"."key" = 'environment' ORDER BY "ar_internal_metadata"."key" ASC LIMIT 1 /*application='Backend'*/[0m
  [1m[36mActiveRecord::InternalMetadata Create (0.2ms)[0m  [1m[32mINSERT INTO "ar_internal_metadata" ("key", "value", "created_at", "updated_at") VALUES ('environment', 'development', '2025-04-10 19:32:48.146441', '2025-04-10 19:32:48.146446') RETURNING "key" /*application='Backend'*/[0m
  [1m[36mActiveRecord::SchemaMigration Load (0.1ms)[0m  [1m[34mSELECT "schema_migrations"."version" FROM "schema_migrations" ORDER BY "schema_migrations"."version" ASC /*application='Backend'*/[0m
Migrating to CreateUsers (20250410191231)
  [1m[36mTRANSACTION (0.1ms)[0m  [1m[35mBEGIN immediate TRANSACTION /*application='Backend'*/[0m
  [1m[35m (1.1ms)[0m  [1m[35mCREATE TABLE "users" ("id" integer PRIMARY KEY AUTOINCREMENT NOT NULL, "login_id" varchar NOT NULL, "role" varchar NOT NULL, "name" varchar NOT NULL, "created_at" datetime(6) NOT NULL, "updated_at" datetime(6) NOT NULL) /*application='Backend'*/[0m
  [1m[35m (0.1ms)[0m  [1m[35mCREATE UNIQUE INDEX "index_users_on_login_id" ON "users" ("login_id") /*application='Backend'*/[0m
  [1m[36mActiveRecord::SchemaMigration Create (0.1ms)[0m  [1m[32mINSERT INTO "schema_migrations" ("version") VALUES ('20250410191231') RETURNING "version" /*application='Backend'*/[0m
  [1m[36mTRANSACTION (0.1ms)[0m  [1m[35mCOMMIT TRANSACTION /*application='Backend'*/[0m
Migrating to CreateChats (20250410191827)
  [1m[36mTRANSACTION (0.0ms)[0m  [1m[35mBEGIN immediate TRANSACTION /*application='Backend'*/[0m
  [1m[35m (0.9ms)[0m  [1m[35mCREATE TABLE "chats" ("id" integer PRIMARY KEY AUTOINCREMENT NOT NULL, "company_id" integer, "student_id" integer, "created_at" datetime(6) NOT NULL, "updated_at" datetime(6) NOT NULL, CONSTRAINT "fk_rails_15d9611257"
FOREIGN KEY ("company_id")
  REFERENCES "users" ("id")
, CONSTRAINT "fk_rails_c4a54cd1c1"
FOREIGN KEY ("student_id")
  REFERENCES "users" ("id")
) /*application='Backend'*/[0m
  [1m[35m (0.1ms)[0m  [1m[35mCREATE INDEX "index_chats_on_company_id" ON "chats" ("company_id") /*application='Backend'*/[0m
  [1m[35m (0.1ms)[0m  [1m[35mCREATE INDEX "index_chats_on_student_id" ON "chats" ("student_id") /*application='Backend'*/[0m
  [1m[36mTRANSACTION (0.0ms)[0m  [1m[31mROLLBACK TRANSACTION /*application='Backend'*/[0m
  [1m[36mActiveRecord::InternalMetadata Load (0.9ms)[0m  [1m[34mSELECT * FROM "ar_internal_metadata" WHERE "ar_internal_metadata"."key" = 'environment' ORDER BY "ar_internal_metadata"."key" ASC LIMIT 1 /*application='Backend'*/[0m
  [1m[36mActiveRecord::SchemaMigration Load (0.1ms)[0m  [1m[34mSELECT "schema_migrations"."version" FROM "schema_migrations" ORDER BY "schema_migrations"."version" ASC /*application='Backend'*/[0m
Migrating to CreateChats (20250410191827)
  [1m[36mTRANSACTION (0.2ms)[0m  [1m[35mBEGIN immediate TRANSACTION /*application='Backend'*/[0m
  [1m[35m (1.5ms)[0m  [1m[35mCREATE TABLE "chats" ("id" integer PRIMARY KEY AUTOINCREMENT NOT NULL, "company_id" integer, "student_id" integer, "created_at" datetime(6) NOT NULL, "updated_at" datetime(6) NOT NULL, CONSTRAINT "fk_rails_15d9611257"
FOREIGN KEY ("company_id")
  REFERENCES "users" ("id")
, CONSTRAINT "fk_rails_c4a54cd1c1"
FOREIGN KEY ("student_id")
  REFERENCES "users" ("id")
) /*application='Backend'*/[0m
  [1m[35m (0.1ms)[0m  [1m[35mCREATE INDEX "index_chats_on_company_id" ON "chats" ("company_id") /*application='Backend'*/[0m
  [1m[35m (0.1ms)[0m  [1m[35mCREATE INDEX "index_chats_on_student_id" ON "chats" ("student_id") /*application='Backend'*/[0m
  [1m[36mTRANSACTION (0.1ms)[0m  [1m[31mROLLBACK TRANSACTION /*application='Backend'*/[0m
  [1m[36mActiveRecord::InternalMetadata Load (0.9ms)[0m  [1m[34mSELECT * FROM "ar_internal_metadata" WHERE "ar_internal_metadata"."key" = 'environment' ORDER BY "ar_internal_metadata"."key" ASC LIMIT 1 /*application='Backend'*/[0m
  [1m[36mActiveRecord::SchemaMigration Load (0.1ms)[0m  [1m[34mSELECT "schema_migrations"."version" FROM "schema_migrations" ORDER BY "schema_migrations"."version" ASC /*application='Backend'*/[0m
Migrating to CreateChats (20250410191827)
  [1m[36mTRANSACTION (0.1ms)[0m  [1m[35mBEGIN immediate TRANSACTION /*application='Backend'*/[0m
  [1m[35m (1.4ms)[0m  [1m[35mCREATE TABLE "chats" ("id" integer PRIMARY KEY AUTOINCREMENT NOT NULL, "company_id" integer, "student_id" integer, "created_at" datetime(6) NOT NULL, "updated_at" datetime(6) NOT NULL, CONSTRAINT "fk_rails_15d9611257"
FOREIGN KEY ("company_id")
  REFERENCES "users" ("id")
, CONSTRAINT "fk_rails_c4a54cd1c1"
FOREIGN KEY ("student_id")
  REFERENCES "users" ("id")
) /*application='Backend'*/[0m
  [1m[35m (0.2ms)[0m  [1m[35mCREATE INDEX "index_chats_on_company_id" ON "chats" ("company_id") /*application='Backend'*/[0m
  [1m[35m (0.1ms)[0m  [1m[35mCREATE INDEX "index_chats_on_student_id" ON "chats" ("student_id") /*application='Backend'*/[0m
  [1m[36mTRANSACTION (0.1ms)[0m  [1m[31mROLLBACK TRANSACTION /*application='Backend'*/[0m
  [1m[36mActiveRecord::InternalMetadata Load (1.3ms)[0m  [1m[34mSELECT * FROM "ar_internal_metadata" WHERE "ar_internal_metadata"."key" = 'environment' ORDER BY "ar_internal_metadata"."key" ASC LIMIT 1 /*application='Backend'*/[0m
  [1m[36mActiveRecord::SchemaMigration Load (0.2ms)[0m  [1m[34mSELECT "schema_migrations"."version" FROM "schema_migrations" ORDER BY "schema_migrations"."version" ASC /*application='Backend'*/[0m
Migrating to CreateChats (20250410191827)
  [1m[36mTRANSACTION (0.2ms)[0m  [1m[35mBEGIN immediate TRANSACTION /*application='Backend'*/[0m
  [1m[35m (3.0ms)[0m  [1m[35mCREATE TABLE "chats" ("id" integer PRIMARY KEY AUTOINCREMENT NOT NULL, "company_id" integer, "student_id" integer, "created_at" datetime(6) NOT NULL, "updated_at" datetime(6) NOT NULL, CONSTRAINT "fk_rails_15d9611257"
FOREIGN KEY ("company_id")
  REFERENCES "users" ("id")
, CONSTRAINT "fk_rails_c4a54cd1c1"
FOREIGN KEY ("student_id")
  REFERENCES "users" ("id")
) /*application='Backend'*/[0m
  [1m[35m (0.3ms)[0m  [1m[35mCREATE INDEX "index_chats_on_company_id" ON "chats" ("company_id") /*application='Backend'*/[0m
  [1m[35m (0.2ms)[0m  [1m[35mCREATE INDEX "index_chats_on_student_id" ON "chats" ("student_id") /*application='Backend'*/[0m
  [1m[36mTRANSACTION (0.1ms)[0m  [1m[31mROLLBACK TRANSACTION /*application='Backend'*/[0m
  [1m[36mActiveRecord::InternalMetadata Load (0.3ms)[0m  [1m[34mSELECT * FROM "ar_internal_metadata" WHERE "ar_internal_metadata"."key" = 'environment' ORDER BY "ar_internal_metadata"."key" ASC LIMIT 1 /*application='Backend'*/[0m
  [1m[36mActiveRecord::SchemaMigration Load (0.1ms)[0m  [1m[34mSELECT "schema_migrations"."version" FROM "schema_migrations" ORDER BY "schema_migrations"."version" ASC /*application='Backend'*/[0m
Migrating to CreateChats (20250410191827)
  [1m[36mTRANSACTION (0.1ms)[0m  [1m[35mBEGIN immediate TRANSACTION /*application='Backend'*/[0m
  [1m[35m (1.3ms)[0m  [1m[35mCREATE TABLE "chats" ("id" integer PRIMARY KEY AUTOINCREMENT NOT NULL, "company_id" integer NOT NULL, "student_id" integer NOT NULL, "created_at" datetime(6) NOT NULL, "updated_at" datetime(6) NOT NULL) /*application='Backend'*/[0m
  [1m[35mSQL (0.0ms)[0m  [1m[35mPRAGMA foreign_keys /*application='Backend'*/[0m
  [1m[35mSQL (0.0ms)[0m  [1m[35mPRAGMA defer_foreign_keys /*application='Backend'*/[0m
  [1m[35m (0.0ms)[0m  [1m[35mPRAGMA defer_foreign_keys = ON /*application='Backend'*/[0m
  [1m[35m (0.0ms)[0m  [1m[35mPRAGMA foreign_keys = OFF /*application='Backend'*/[0m
  [1m[35m (0.3ms)[0m  [1m[35mCREATE TEMPORARY TABLE "achats" ("id" integer PRIMARY KEY AUTOINCREMENT NOT NULL, "company_id" integer NOT NULL, "student_id" integer NOT NULL, "created_at" datetime(6) NOT NULL, "updated_at" datetime(6) NOT NULL) /*application='Backend'*/[0m
  [1m[35mSQL (0.0ms)[0m  [1m[32mINSERT INTO "achats" ("id","company_id","student_id","created_at","updated_at")
                     SELECT "id","company_id","student_id","created_at","updated_at" FROM "chats" /*application='Backend'*/[0m
  [1m[35m (0.1ms)[0m  [1m[35mDROP TABLE "chats" /*application='Backend'*/[0m
  [1m[35m (0.1ms)[0m  [1m[35mCREATE TABLE "chats" ("id" integer PRIMARY KEY AUTOINCREMENT NOT NULL, "company_id" integer NOT NULL, "student_id" integer NOT NULL, "created_at" datetime(6) NOT NULL, "updated_at" datetime(6) NOT NULL, CONSTRAINT "fk_chats_company"
FOREIGN KEY ("company_id")
  REFERENCES "users" ("id")
) /*application='Backend'*/[0m
  [1m[35mSQL (0.0ms)[0m  [1m[32mINSERT INTO "chats" ("id","company_id","student_id","created_at","updated_at")
                     SELECT "id","company_id","student_id","created_at","updated_at" FROM "achats" /*application='Backend'*/[0m
  [1m[35m (0.1ms)[0m  [1m[35mDROP TABLE "achats" /*application='Backend'*/[0m
  [1m[35m (0.1ms)[0m  [1m[35mPRAGMA defer_foreign_keys = 0 /*application='Backend'*/[0m
  [1m[35m (0.1ms)[0m  [1m[35mPRAGMA foreign_keys = 1 /*application='Backend'*/[0m
  [1m[35mSQL (0.0ms)[0m  [1m[35mPRAGMA foreign_keys /*application='Backend'*/[0m
  [1m[35mSQL (0.0ms)[0m  [1m[35mPRAGMA defer_foreign_keys /*application='Backend'*/[0m
  [1m[35m (0.0ms)[0m  [1m[35mPRAGMA defer_foreign_keys = ON /*application='Backend'*/[0m
  [1m[35m (0.0ms)[0m  [1m[35mPRAGMA foreign_keys = OFF /*application='Backend'*/[0m
  [1m[35m (0.1ms)[0m  [1m[35mCREATE TEMPORARY TABLE "achats" ("id" integer PRIMARY KEY AUTOINCREMENT NOT NULL, "company_id" integer NOT NULL, "student_id" integer NOT NULL, "created_at" datetime(6) NOT NULL, "updated_at" datetime(6) NOT NULL) /*application='Backend'*/[0m
  [1m[35mSQL (0.0ms)[0m  [1m[32mINSERT INTO "achats" ("id","company_id","student_id","created_at","updated_at")
                     SELECT "id","company_id","student_id","created_at","updated_at" FROM "chats" /*application='Backend'*/[0m
  [1m[35m (0.1ms)[0m  [1m[35mDROP TABLE "chats" /*application='Backend'*/[0m
  [1m[35m (0.1ms)[0m  [1m[35mCREATE TABLE "chats" ("id" integer PRIMARY KEY AUTOINCREMENT NOT NULL, "company_id" integer NOT NULL, "student_id" integer NOT NULL, "created_at" datetime(6) NOT NULL, "updated_at" datetime(6) NOT NULL, CONSTRAINT "fk_rails_15d9611257"
FOREIGN KEY ("company_id")
  REFERENCES "users" ("id")
, CONSTRAINT "fk_chats_student"
FOREIGN KEY ("student_id")
  REFERENCES "users" ("id")
) /*application='Backend'*/[0m
  [1m[35mSQL (0.0ms)[0m  [1m[32mINSERT INTO "chats" ("id","company_id","student_id","created_at","updated_at")
                     SELECT "id","company_id","student_id","created_at","updated_at" FROM "achats" /*application='Backend'*/[0m
  [1m[35m (0.1ms)[0m  [1m[35mDROP TABLE "achats" /*application='Backend'*/[0m
  [1m[35m (0.0ms)[0m  [1m[35mPRAGMA defer_foreign_keys = 0 /*application='Backend'*/[0m
  [1m[35m (0.0ms)[0m  [1m[35mPRAGMA foreign_keys = 1 /*application='Backend'*/[0m
  [1m[35m (0.1ms)[0m  [1m[35mCREATE UNIQUE INDEX "index_chats_on_company_and_student" ON "chats" ("company_id", "student_id") /*application='Backend'*/[0m
  [1m[36mActiveRecord::SchemaMigration Create (0.1ms)[0m  [1m[32mINSERT INTO "schema_migrations" ("version") VALUES ('20250410191827') RETURNING "version" /*application='Backend'*/[0m
  [1m[36mTRANSACTION (7.7ms)[0m  [1m[35mCOMMIT TRANSACTION /*application='Backend'*/[0m
Migrating to CreateMessages (20250410191844)
  [1m[36mTRANSACTION (0.1ms)[0m  [1m[35mBEGIN immediate TRANSACTION /*application='Backend'*/[0m
  [1m[35m (1.0ms)[0m  [1m[35mCREATE TABLE "messages" ("id" integer PRIMARY KEY AUTOINCREMENT NOT NULL, "chat_id" integer NOT NULL, "contents" text NOT NULL, "created_at" datetime(6) NOT NULL, "updated_at" datetime(6) NOT NULL, CONSTRAINT "fk_rails_0f670de7ba"
FOREIGN KEY ("chat_id")
  REFERENCES "chats" ("id")
) /*application='Backend'*/[0m
  [1m[35m (0.1ms)[0m  [1m[35mCREATE INDEX "index_messages_on_chat_id" ON "messages" ("chat_id") /*application='Backend'*/[0m
  [1m[36mActiveRecord::SchemaMigration Create (0.1ms)[0m  [1m[32mINSERT INTO "schema_migrations" ("version") VALUES ('20250410191844') RETURNING "version" /*application='Backend'*/[0m
  [1m[36mTRANSACTION (0.3ms)[0m  [1m[35mCOMMIT TRANSACTION /*application='Backend'*/[0m
Migrating to CreateRecruitments (20250410191902)
  [1m[36mTRANSACTION (0.1ms)[0m  [1m[35mBEGIN immediate TRANSACTION /*application='Backend'*/[0m
  [1m[35m (1.0ms)[0m  [1m[35mCREATE TABLE "recruitments" ("id" integer PRIMARY KEY AUTOINCREMENT NOT NULL, "company_id" integer NOT NULL, "title" varchar NOT NULL, "contents" text NOT NULL, "created_at" datetime(6) NOT NULL, "updated_at" datetime(6) NOT NULL, CONSTRAINT "fk_rails_2467d55dd5"
FOREIGN KEY ("company_id")
  REFERENCES "users" ("id")
) /*application='Backend'*/[0m
  [1m[35m (0.1ms)[0m  [1m[35mCREATE INDEX "index_recruitments_on_company_id" ON "recruitments" ("company_id") /*application='Backend'*/[0m
  [1m[36mActiveRecord::SchemaMigration Create (0.2ms)[0m  [1m[32mINSERT INTO "schema_migrations" ("version") VALUES ('20250410191902') RETURNING "version" /*application='Backend'*/[0m
  [1m[36mTRANSACTION (0.1ms)[0m  [1m[35mCOMMIT TRANSACTION /*application='Backend'*/[0m
  [1m[36mActiveRecord::SchemaMigration Load (0.0ms)[0m  [1m[34mSELECT "schema_migrations"."version" FROM "schema_migrations" ORDER BY "schema_migrations"."version" ASC /*application='Backend'*/[0m
  [1m[36mActiveRecord::InternalMetadata Load (0.1ms)[0m  [1m[34mSELECT * FROM "ar_internal_metadata" WHERE "ar_internal_metadata"."key" = 'environment' ORDER BY "ar_internal_metadata"."key" ASC LIMIT 1 /*application='Backend'*/[0m
  [1m[36mActiveRecord::SchemaMigration Load (0.1ms)[0m  [1m[34mSELECT "schema_migrations"."version" FROM "schema_migrations" ORDER BY "schema_migrations"."version" ASC /*application='Backend'*/[0m
  [1m[36mActiveRecord::SchemaMigration Load (0.1ms)[0m  [1m[34mSELECT "schema_migrations"."version" FROM "schema_migrations" ORDER BY "schema_migrations"."version" ASC /*application='Backend'*/[0m
  [1m[36mUser Load (12.7ms)[0m  [1m[34mSELECT "users".* FROM "users" /* loading for pp */ LIMIT 11 /*application='Backend'*/[0m
  [1m[36mChat Load (0.2ms)[0m  [1m[34mSELECT "chats".* FROM "chats" /* loading for pp */ LIMIT 11 /*application='Backend'*/[0m
  [1m[36mMessage Load (0.2ms)[0m  [1m[34mSELECT "messages".* FROM "messages" /* loading for pp */ LIMIT 11 /*application='Backend'*/[0m
  [1m[36mRecruitment Load (0.1ms)[0m  [1m[34mSELECT "recruitments".* FROM "recruitments" /* loading for pp */ LIMIT 11 /*application='Backend'*/[0m
